<?xml version="1.0" encoding="UTF-8"?>
<coverage generated="1518484474801" clover="3.2.0">
  <project timestamp="1518484474801" name="All files">
    <metrics statements="9" coveredstatements="8" conditionals="0" coveredconditionals="0" methods="6" coveredmethods="6" elements="15" coveredelements="14" complexity="0" loc="9" ncloc="9" packages="3" files="4" classes="4">
      <package name="src">
        <metrics statements="1" coveredstatements="0" conditionals="0" coveredconditionals="0" methods="0" coveredmethods="0"/>
        <file name="index.js" path="/home/mp/Projects/React/react-testing-debugging/Resources/src/index.js">
          <metrics statements="1" coveredstatements="0" conditionals="0" coveredconditionals="0" methods="0" coveredmethods="0"/>
          <line num="1" count="0" type="stmt"/>
        </file>
      </package>
      <package name="src.components">
        <metrics statements="3" coveredstatements="3" conditionals="0" coveredconditionals="0" methods="2" coveredmethods="2"/>
        <file name="App.jsx" path="/home/mp/Projects/React/react-testing-debugging/Resources/src/components/App.jsx">
          <metrics statements="3" coveredstatements="3" conditionals="0" coveredconditionals="0" methods="2" coveredmethods="2"/>
          <line num="9" count="1" type="stmt"/>
          <line num="10" count="1" type="stmt"/>
          <line num="14" count="1" type="stmt"/>
        </file>
      </package>
      <package name="src.components.listings">
        <metrics statements="5" coveredstatements="5" conditionals="0" coveredconditionals="0" methods="4" coveredmethods="4"/>
        <file name="Grid.jsx" path="/home/mp/Projects/React/react-testing-debugging/Resources/src/components/listings/Grid.jsx">
          <metrics statements="3" coveredstatements="3" conditionals="0" coveredconditionals="0" methods="3" coveredmethods="3"/>
          <line num="6" count="1" type="stmt"/>
          <line num="7" count="12" type="stmt"/>
          <line num="12" count="1" type="stmt"/>
        </file>
        <file name="Single.jsx" path="/home/mp/Projects/React/react-testing-debugging/Resources/src/components/listings/Single.jsx">
          <metrics statements="2" coveredstatements="2" conditionals="0" coveredconditionals="0" methods="1" coveredmethods="1"/>
          <line num="3" count="2" type="stmt"/>
          <line num="4" count="13" type="stmt"/>
        </file>
      </package>
    </metrics>
  </project>
</coverage>
