{"/home/mp/Projects/React/react-testing-debugging/Resources/src/index.js": {"path":"/home/mp/Projects/React/react-testing-debugging/Resources/src/index.js","statementMap":{"0":{"start":{"line":1,"column":58},"end":{"line":1,"column":130}}},"fnMap":{},"branchMap":{},"s":{"0":0},"f":{},"b":{}}
,"/home/mp/Projects/React/react-testing-debugging/Resources/src/components/App.jsx": {"path":"/home/mp/Projects/React/react-testing-debugging/Resources/src/components/App.jsx","statementMap":{"0":{"start":{"line":9,"column":4},"end":{"line":9,"column":17}},"1":{"start":{"line":10,"column":4},"end":{"line":10,"column":29}},"2":{"start":{"line":14,"column":4},"end":{"line":27,"column":6}}},"fnMap":{"0":{"name":"(anonymous_0)","decl":{"start":{"line":8,"column":2},"end":{"line":8,"column":3}},"loc":{"start":{"line":8,"column":21},"end":{"line":11,"column":3}},"line":8},"1":{"name":"(anonymous_1)","decl":{"start":{"line":13,"column":2},"end":{"line":13,"column":3}},"loc":{"start":{"line":13,"column":11},"end":{"line":28,"column":3}},"line":13}},"branchMap":{},"s":{"0":1,"1":1,"2":1},"f":{"0":1,"1":1},"b":{},"_coverageSchema":"332fd63041d2c1bcb487cc26dd0d5f7d97098a6c","hash":"3d2f548bc298e61d671f0822aa6b40baf89dfcc2"}
,"/home/mp/Projects/React/react-testing-debugging/Resources/src/components/listings/Grid.jsx": {"path":"/home/mp/Projects/React/react-testing-debugging/Resources/src/components/listings/Grid.jsx","statementMap":{"0":{"start":{"line":6,"column":4},"end":{"line":8,"column":7}},"1":{"start":{"line":7,"column":6},"end":{"line":7,"column":41}},"2":{"start":{"line":12,"column":4},"end":{"line":20,"column":5}}},"fnMap":{"0":{"name":"(anonymous_0)","decl":{"start":{"line":5,"column":2},"end":{"line":5,"column":3}},"loc":{"start":{"line":5,"column":15},"end":{"line":9,"column":3}},"line":5},"1":{"name":"(anonymous_1)","decl":{"start":{"line":6,"column":32},"end":{"line":6,"column":33}},"loc":{"start":{"line":7,"column":6},"end":{"line":7,"column":41}},"line":7},"2":{"name":"(anonymous_2)","decl":{"start":{"line":11,"column":2},"end":{"line":11,"column":3}},"loc":{"start":{"line":11,"column":11},"end":{"line":21,"column":3}},"line":11}},"branchMap":{},"s":{"0":1,"1":12,"2":1},"f":{"0":1,"1":12,"2":1},"b":{},"_coverageSchema":"332fd63041d2c1bcb487cc26dd0d5f7d97098a6c","hash":"eb95d726d45afe6e99d41e2d068ac682f530d2fb"}
,"/home/mp/Projects/React/react-testing-debugging/Resources/src/components/listings/Single.jsx": {"path":"/home/mp/Projects/React/react-testing-debugging/Resources/src/components/listings/Single.jsx","statementMap":{"0":{"start":{"line":3,"column":15},"end":{"line":29,"column":1}},"1":{"start":{"line":4,"column":2},"end":{"line":28,"column":4}}},"fnMap":{"0":{"name":"(anonymous_0)","decl":{"start":{"line":3,"column":15},"end":{"line":3,"column":16}},"loc":{"start":{"line":3,"column":29},"end":{"line":29,"column":1}},"line":3}},"branchMap":{},"s":{"0":1,"1":12},"f":{"0":12},"b":{},"_coverageSchema":"332fd63041d2c1bcb487cc26dd0d5f7d97098a6c","hash":"a0e6ca52c1803fbd8c7b4c32d08981e7f17c5da7"}
}
